Base path: C:/Program Files (x86)/Unity/Editor/Data
Pipe name: \\.\pipe\UnityShaderCompiler-1-13308
Cmd: getPlatforms
Cmd: preprocess
  insize=12315 outsize=3025 ok=1
Cmd: preprocess
  insize=9929 outsize=2564 ok=1
Cmd: preprocess
  insize=11527 outsize=3453 ok=1
Cmd: preprocess
  insize=17685 outsize=5490 ok=1
Cmd: preprocess
  insize=4405 outsize=2452 ok=1
Cmd: preprocess
  insize=7035 outsize=3937 ok=1
Cmd: preprocess
  insize=2033 outsize=1250 ok=1
Cmd: compileSnippet
  api=1 type=0 insize=1094 outsize=108 kw=DIRECTIONAL SHADOWS_OFF LIGHTMAP_OFF DIRLIGHTMAP_OFF ok=1
Cmd: compileSnippet
  api=1 type=1 insize=1094 outsize=64 kw=DIRECTIONAL SHADOWS_OFF LIGHTMAP_OFF DIRLIGHTMAP_OFF ok=1
Cmd: preprocess
  insize=1154 outsize=1874 ok=1
Cmd: preprocess
  insize=3194 outsize=1814 ok=1
Cmd: preprocess
  insize=1514 outsize=1817 ok=1
Cmd: preprocess
  insize=11179 outsize=4616 ok=1
Cmd: preprocess
  insize=32237 outsize=5735 ok=1
Cmd: preprocess
  insize=1781 outsize=2834 ok=1
Cmd: preprocess
  insize=13018 outsize=3371 ok=1
Cmd: preprocess
  insize=18629 outsize=5024 ok=1
Cmd: preprocess
  insize=10156 outsize=2800 ok=1
Cmd: preprocess
  insize=5497 outsize=3124 ok=1
Cmd: preprocess
  insize=1168 outsize=1406 ok=1
Cmd: preprocess
  insize=762 outsize=1416 ok=1
Cmd: compileSnippet
  api=1 type=0 insize=4478 outsize=596 kw=DIRECTIONAL SHADOWS_OFF LIGHTMAP_OFF DIRLIGHTMAP_OFF ok=1
Cmd: compileSnippet
  api=1 type=1 insize=4478 outsize=373 kw=DIRECTIONAL SHADOWS_OFF LIGHTMAP_OFF DIRLIGHTMAP_OFF ok=1
Cmd: compileSnippet
  api=1 type=0 insize=2441 outsize=384 kw=POINT ok=1
Cmd: compileSnippet
  api=1 type=1 insize=2441 outsize=500 kw=POINT ok=1
Cmd: compileSnippet
  api=1 type=0 insize=2100 outsize=236 kw= ok=1
Cmd: compileSnippet
  api=1 type=1 insize=2100 outsize=260 kw= ok=1
Cmd: compileSnippet
  api=1 type=0 insize=4178 outsize=640 kw=LIGHTMAP_OFF DIRLIGHTMAP_OFF HDR_LIGHT_PREPASS_OFF ok=1
Cmd: compileSnippet
  api=1 type=1 insize=4178 outsize=351 kw=LIGHTMAP_OFF DIRLIGHTMAP_OFF HDR_LIGHT_PREPASS_OFF ok=1
Cmd: preprocess
  insize=11250 outsize=3370 ok=1
Cmd: preprocess
  insize=1921 outsize=809 ok=1
Cmd: preprocess
  insize=1788 outsize=2385 ok=1
Cmd: preprocess
  insize=373 outsize=373 ok=1
Cmd: preprocess
  insize=20474 outsize=4369 ok=1
Cmd: preprocess
  insize=10949 outsize=3938 ok=1
Cmd: preprocess
  insize=12612 outsize=5651 ok=1
Cmd: compileSnippet
  api=1 type=0 insize=2441 outsize=254 kw=DIRECTIONAL ok=1
Cmd: compileSnippet
  api=1 type=1 insize=2441 outsize=365 kw=DIRECTIONAL ok=1
